<?xml version="1.0" encoding="UTF-8"?>
<!-- Generated by org.testng.reporters.JUnitReportReporter -->
<testsuite skipped="0" hostname="BDC4-D-CPYCH92" name="SeleniumTests.DemoWebShopTest" tests="2" failures="0" timestamp="2019-11-08T11:28:18 IST" time="14.044" errors="0">
  <testcase name="testLogin" time="7.746" classname="SeleniumTests.DemoWebShopTest"/>
  <testcase name="testRegister" time="6.298" classname="SeleniumTests.DemoWebShopTest"/>
</testsuite> <!-- SeleniumTests.DemoWebShopTest -->
