<?xml version="1.0" encoding="UTF-8"?>
<!-- Generated by org.testng.reporters.JUnitReportReporter -->
<testsuite skipped="0" hostname="BDC4-D-CPYCH92" name="SeleniumPro.NewTest2" tests="1" failures="0" timestamp="2019-11-06T13:01:48 IST" time="28.740" errors="0">
  <testcase name="testHDFCLink" time="28.740" classname="SeleniumPro.NewTest2"/>
</testsuite> <!-- SeleniumPro.NewTest2 -->
