<?xml version="1.0" encoding="UTF-8"?>
<!-- Generated by org.testng.reporters.JUnitReportReporter -->
<testsuite skipped="0" hostname="BDC4-D-CPYCH92" name="SeleniumPro.SoftAssert" tests="1" failures="0" timestamp="2019-11-07T10:04:26 IST" time="0.012" errors="0">
  <testcase name="testsoftAssert" time="0.012" classname="SeleniumPro.SoftAssert"/>
</testsuite> <!-- SeleniumPro.SoftAssert -->
