<?xml version="1.0" encoding="UTF-8"?>
<!-- Generated by org.testng.reporters.JUnitReportReporter -->
<testsuite skipped="0" hostname="BDC4-D-CPYCH92" name="Testng2.NewTest2" tests="3" failures="0" timestamp="2019-11-07T11:23:48 IST" time="0.017" errors="0">
  <testcase name="Test3" time="0.002" classname="Testng2.NewTest2"/>
  <testcase name="Test1" time="0.014" classname="Testng2.NewTest2"/>
  <testcase name="Test2" time="0.001" classname="Testng2.NewTest2"/>
</testsuite> <!-- Testng2.NewTest2 -->
