<?xml version="1.0" encoding="UTF-8"?>
<!-- Generated by org.testng.reporters.JUnitReportReporter -->
<testsuite skipped="0" hostname="BDC4-D-CPYCH92" name="SeleniumPro.IOTest" tests="1" failures="0" timestamp="2019-11-06T16:57:17 IST" time="112.961" errors="0">
  <testcase name="testLogin" time="112.961" classname="SeleniumPro.IOTest"/>
</testsuite> <!-- SeleniumPro.IOTest -->
